<?xml version="1.0" encoding="UTF-8"?>
<!-- Generated by org.testng.reporters.JUnitReportReporter -->
<testsuite hostname="MKD-CORP-BCP112" failures="0" tests="6" name="com.cyient.test.LoginTest" time="65.119" errors="0" timestamp="2021-06-08T13:04:54 IST" skipped="0">
  <testcase classname="com.cyient.test.LoginTest" name="validateUIComponentTest" time="11.134"/>
  <system-out/>
  <testcase classname="com.cyient.test.LoginTest" name="validCredentialTest" time="11.116"/>
  <system-out/>
  <testcase classname="com.cyient.test.LoginTest" name="invalidCredentialTest" time="9.839"/>
  <system-out/>
  <testcase classname="com.cyient.test.LoginTest" name="validCredentialTest" time="10.958"/>
  <system-out/>
  <testcase classname="com.cyient.test.LoginTest" name="validCredentialTest" time="11.887"/>
  <system-out/>
  <testcase classname="com.cyient.test.LoginTest" name="invalidCredentialTest" time="10.185"/>
  <system-out/>
</testsuite> <!-- com.cyient.test.LoginTest -->
