<?xml version="1.0" encoding="UTF-8"?>
<!-- Generated by org.testng.reporters.JUnitReportReporter -->
<testsuite hostname="MKD-CORP-BCP112" failures="0" tests="3" name="com.cyient.test.LoginTest" time="38.231" errors="0" timestamp="2021-06-09T13:25:28 IST" skipped="0">
  <testcase classname="com.cyient.test.LoginTest" name="validCredentialTest" time="13.952"/>
  <system-out/>
  <testcase classname="com.cyient.test.LoginTest" name="validateUIComponentTest" time="9.303"/>
  <system-out/>
  <testcase classname="com.cyient.test.LoginTest" name="validCredentialTest" time="14.976"/>
  <system-out/>
</testsuite> <!-- com.cyient.test.LoginTest -->
